{"timestamp": "2026-07-23T22:07:57.411814+00:00", "level": "INFO", "service": "oday-worker", "actor": "worker", "correlation_id": "a855742a-84a8-4276-b65f-2f9accdd792f", "resource": "job/assisted-listing-intake", "action": "execute", "result": "ok", "error_code": null, "message": "Executing job b585b0d8-970b-4df6-bf13-9bf1bb0a2f8a (type: assisted-listing-intake)"}
{"timestamp": "2026-07-23T22:07:57.487151+00:00", "level": "INFO", "service": "oday-worker", "actor": "worker", "correlation_id": "a855742a-84a8-4276-b65f-2f9accdd792f", "resource": "job/assisted-listing-intake", "action": "execute", "result": "success", "error_code": null, "message": "Job b585b0d8-970b-4df6-bf13-9bf1bb0a2f8a succeeded"}
{"timestamp": "2026-07-23T22:07:58.489667+00:00", "level": "INFO", "service": "oday-worker", "actor": "worker", "correlation_id": "c14b0dd4-1d43-49c4-817e-649943984d74", "resource": "job/assisted-listing-intake", "action": "execute", "result": "ok", "error_code": null, "message": "Executing job 60aa40ce-d53e-4dbd-b3bc-3dce01cfed38 (type: assisted-listing-intake)"}
Stage RETRIEVING failed (local attempt 1/3): Approved source retrieval timed out.
Stage RETRIEVING failed (local attempt 2/3): Approved source retrieval timed out.
Stage RETRIEVING failed (local attempt 3/3): Approved source retrieval timed out.
{"timestamp": "2026-07-23T22:08:01.610322+00:00", "level": "ERROR", "service": "oday-worker", "actor": "worker", "correlation_id": "c14b0dd4-1d43-49c4-817e-649943984d74", "resource": "job/assisted-listing-intake", "action": "execute", "result": "error", "error_code": "AssistedIntakeStageError", "message": "Job 60aa40ce-d53e-4dbd-b3bc-3dce01cfed38 failed: Approved source retrieval timed out.", "retryable": false}
{"timestamp": "2026-07-23T22:08:01.618555+00:00", "level": "INFO", "service": "oday-worker", "actor": "worker", "correlation_id": "c14b0dd4-1d43-49c4-817e-649943984d74", "resource": "job/assisted-listing-intake", "action": "retry", "result": "ok", "error_code": null, "message": "Job 60aa40ce-d53e-4dbd-b3bc-3dce01cfed38 queued for retry (attempt 1/3)"}
{"timestamp": "2026-07-23T22:08:01.631667+00:00", "level": "INFO", "service": "oday-worker", "actor": "worker", "correlation_id": "c14b0dd4-1d43-49c4-817e-649943984d74", "resource": "job/assisted-listing-intake", "action": "execute", "result": "ok", "error_code": null, "message": "Executing job 60aa40ce-d53e-4dbd-b3bc-3dce01cfed38 (type: assisted-listing-intake)"}
Stage RETRIEVING failed (local attempt 1/3): Approved source retrieval timed out.
Stage RETRIEVING failed (local attempt 2/3): Approved source retrieval timed out.
Stage RETRIEVING failed (local attempt 3/3): Approved source retrieval timed out.
{"timestamp": "2026-07-23T22:08:04.745690+00:00", "level": "ERROR", "service": "oday-worker", "actor": "worker", "correlation_id": "c14b0dd4-1d43-49c4-817e-649943984d74", "resource": "job/assisted-listing-intake", "action": "execute", "result": "error", "error_code": "AssistedIntakeStageError", "message": "Job 60aa40ce-d53e-4dbd-b3bc-3dce01cfed38 failed: Approved source retrieval timed out.", "retryable": false}
{"timestamp": "2026-07-23T22:08:04.746392+00:00", "level": "INFO", "service": "oday-worker", "actor": "worker", "correlation_id": "c14b0dd4-1d43-49c4-817e-649943984d74", "resource": "job/assisted-listing-intake", "action": "retry", "result": "ok", "error_code": null, "message": "Job 60aa40ce-d53e-4dbd-b3bc-3dce01cfed38 queued for retry (attempt 2/3)"}
{"timestamp": "2026-07-23T22:08:04.747312+00:00", "level": "INFO", "service": "oday-worker", "actor": "worker", "correlation_id": "c14b0dd4-1d43-49c4-817e-649943984d74", "resource": "job/assisted-listing-intake", "action": "execute", "result": "ok", "error_code": null, "message": "Executing job 60aa40ce-d53e-4dbd-b3bc-3dce01cfed38 (type: assisted-listing-intake)"}
Stage RETRIEVING failed (local attempt 1/3): Approved source retrieval timed out.
Stage RETRIEVING failed (local attempt 2/3): Approved source retrieval timed out.
Stage RETRIEVING failed (local attempt 3/3): Approved source retrieval timed out.
{"timestamp": "2026-07-23T22:08:07.870732+00:00", "level": "ERROR", "service": "oday-worker", "actor": "worker", "correlation_id": "c14b0dd4-1d43-49c4-817e-649943984d74", "resource": "job/assisted-listing-intake", "action": "execute", "result": "error", "error_code": "AssistedIntakeStageError", "message": "Job 60aa40ce-d53e-4dbd-b3bc-3dce01cfed38 failed: Approved source retrieval timed out.", "retryable": false}
{"timestamp": "2026-07-23T22:08:07.871572+00:00", "level": "INFO", "service": "oday-worker", "actor": "worker", "correlation_id": "c14b0dd4-1d43-49c4-817e-649943984d74", "resource": "job/assisted-listing-intake", "action": "retry", "result": "ok", "error_code": null, "message": "Job 60aa40ce-d53e-4dbd-b3bc-3dce01cfed38 queued for retry (attempt 3/3)"}
{"timestamp": "2026-07-23T22:08:07.872519+00:00", "level": "INFO", "service": "oday-worker", "actor": "worker", "correlation_id": "c14b0dd4-1d43-49c4-817e-649943984d74", "resource": "job/assisted-listing-intake", "action": "execute", "result": "ok", "error_code": null, "message": "Executing job 60aa40ce-d53e-4dbd-b3bc-3dce01cfed38 (type: assisted-listing-intake)"}
Stage RETRIEVING failed (local attempt 1/3): Approved source retrieval timed out.
Stage RETRIEVING failed (local attempt 2/3): Approved source retrieval timed out.
Stage RETRIEVING failed (local attempt 3/3): Approved source retrieval timed out.
{"timestamp": "2026-07-23T22:08:11.034791+00:00", "level": "ERROR", "service": "oday-worker", "actor": "worker", "correlation_id": "c14b0dd4-1d43-49c4-817e-649943984d74", "resource": "job/assisted-listing-intake", "action": "execute", "result": "error", "error_code": "AssistedIntakeStageError", "message": "Job 60aa40ce-d53e-4dbd-b3bc-3dce01cfed38 failed: Approved source retrieval timed out.", "retryable": false}
{"timestamp": "2026-07-23T22:08:11.076792+00:00", "level": "INFO", "service": "oday-worker", "actor": "worker", "correlation_id": "c14b0dd4-1d43-49c4-817e-649943984d74", "resource": "job/assisted-listing-intake", "action": "fail", "result": "ok", "error_code": null, "message": "Job 60aa40ce-d53e-4dbd-b3bc-3dce01cfed38 marked failed (max retries reached or non-retryable)"}
{"timestamp": "2026-07-23T22:08:57.142956+00:00", "level": "INFO", "service": "oday-worker", "actor": "worker", "correlation_id": "corr-2e315713-2ed1-4607-bc7c-91119f55d513", "resource": "job/assisted-listing-intake", "action": "execute", "result": "ok", "error_code": null, "message": "Executing job 61cb34e0-f0de-463d-a004-625042c3b912 (type: assisted-listing-intake)"}
{"timestamp": "2026-07-23T22:08:57.434615+00:00", "level": "INFO", "service": "oday-worker", "actor": "worker", "correlation_id": "corr-2e315713-2ed1-4607-bc7c-91119f55d513", "resource": "job/assisted-listing-intake", "action": "execute", "result": "success", "error_code": null, "message": "Job 61cb34e0-f0de-463d-a004-625042c3b912 succeeded"}
{"timestamp": "2026-07-23T22:09:17.457134+00:00", "level": "INFO", "service": "oday-worker", "actor": "worker", "correlation_id": "corr-aad62823-d04a-4029-b497-dbc0483f1f4a", "resource": "job/assisted-listing-intake", "action": "execute", "result": "ok", "error_code": null, "message": "Executing job aece6ddf-d2df-4b07-966e-98966b91d28c (type: assisted-listing-intake)"}
{"timestamp": "2026-07-23T22:09:17.780829+00:00", "level": "INFO", "service": "oday-worker", "actor": "worker", "correlation_id": "corr-aad62823-d04a-4029-b497-dbc0483f1f4a", "resource": "job/assisted-listing-intake", "action": "execute", "result": "success", "error_code": null, "message": "Job aece6ddf-d2df-4b07-966e-98966b91d28c succeeded"}
{"timestamp": "2026-07-23T22:09:41.814009+00:00", "level": "INFO", "service": "oday-worker", "actor": "worker", "correlation_id": "38ddc04d-a303-4f9d-a0a7-b03e9f34e515", "resource": "job/sitescore-candidate", "action": "execute", "result": "ok", "error_code": null, "message": "Executing job 7a75cb3f-1dd4-4813-8146-15c4a4350f04 (type: sitescore-candidate)"}
{"timestamp": "2026-07-23T22:09:41.835238+00:00", "level": "INFO", "service": "oday-worker", "actor": "worker", "correlation_id": "38ddc04d-a303-4f9d-a0a7-b03e9f34e515", "resource": "job/sitescore-candidate", "action": "execute", "result": "success", "error_code": null, "message": "Job 7a75cb3f-1dd4-4813-8146-15c4a4350f04 succeeded"}
{"timestamp": "2026-07-23T22:09:49.866286+00:00", "level": "INFO", "service": "oday-worker", "actor": "worker", "correlation_id": "4250333e-d4dd-4787-a246-e50bf94bc224", "resource": "job/assisted-listing-intake", "action": "execute", "result": "ok", "error_code": null, "message": "Executing job f9314902-fd5e-4764-a459-f5f53a9ee195 (type: assisted-listing-intake)"}
Stage RETRIEVING failed (local attempt 1/3): Source page was removed or is unavailable.
{"timestamp": "2026-07-23T22:09:49.947226+00:00", "level": "ERROR", "service": "oday-worker", "actor": "worker", "correlation_id": "4250333e-d4dd-4787-a246-e50bf94bc224", "resource": "job/assisted-listing-intake", "action": "execute", "result": "error", "error_code": "NonRetryableJobError", "message": "Job f9314902-fd5e-4764-a459-f5f53a9ee195 failed: Source page was removed or is unavailable.", "retryable": false}
{"timestamp": "2026-07-23T22:09:49.970281+00:00", "level": "INFO", "service": "oday-worker", "actor": "worker", "correlation_id": "4250333e-d4dd-4787-a246-e50bf94bc224", "resource": "job/assisted-listing-intake", "action": "fail", "result": "ok", "error_code": null, "message": "Job f9314902-fd5e-4764-a459-f5f53a9ee195 marked failed (max retries reached or non-retryable)"}
{"timestamp": "2026-07-23T22:10:03.000927+00:00", "level": "INFO", "service": "oday-worker", "actor": "worker", "correlation_id": "e18eb0b1-343d-4b5c-8a3b-5d27ef82e236", "resource": "job/assisted-listing-intake", "action": "execute", "result": "ok", "error_code": null, "message": "Executing job 463695a8-548c-404b-be68-ac0e94cbcbea (type: assisted-listing-intake)"}
{"timestamp": "2026-07-23T22:10:03.099347+00:00", "level": "INFO", "service": "oday-worker", "actor": "worker", "correlation_id": "e18eb0b1-343d-4b5c-8a3b-5d27ef82e236", "resource": "job/assisted-listing-intake", "action": "execute", "result": "success", "error_code": null, "message": "Job 463695a8-548c-404b-be68-ac0e94cbcbea succeeded"}
{"timestamp": "2026-07-23T22:10:09.110134+00:00", "level": "INFO", "service": "oday-worker", "actor": "worker", "correlation_id": "ced7b62e-72f1-4bd7-a26a-ef0082d8f956", "resource": "job/assisted-listing-intake", "action": "execute", "result": "ok", "error_code": null, "message": "Executing job 76ca9338-6d5a-4f8d-a73c-962cde572b15 (type: assisted-listing-intake)"}
Stage RETRIEVING failed (local attempt 1/3): 來源頁要求核准帳號存取，系統未擷取受保護內容。
{"timestamp": "2026-07-23T22:10:09.207116+00:00", "level": "ERROR", "service": "oday-worker", "actor": "worker", "correlation_id": "ced7b62e-72f1-4bd7-a26a-ef0082d8f956", "resource": "job/assisted-listing-intake", "action": "execute", "result": "error", "error_code": "NonRetryableJobError", "message": "Job 76ca9338-6d5a-4f8d-a73c-962cde572b15 failed: 來源頁要求核准帳號存取，系統未擷取受保護內容。", "retryable": false}
{"timestamp": "2026-07-23T22:10:09.227509+00:00", "level": "INFO", "service": "oday-worker", "actor": "worker", "correlation_id": "ced7b62e-72f1-4bd7-a26a-ef0082d8f956", "resource": "job/assisted-listing-intake", "action": "fail", "result": "ok", "error_code": null, "message": "Job 76ca9338-6d5a-4f8d-a73c-962cde572b15 marked failed (max retries reached or non-retryable)"}
{"timestamp": "2026-07-23T22:10:15.249824+00:00", "level": "INFO", "service": "oday-worker", "actor": "worker", "correlation_id": "57157032-66f2-418e-9fcc-06533a0f83d2", "resource": "job/assisted-listing-intake", "action": "execute", "result": "ok", "error_code": null, "message": "Executing job 04150a58-6193-44fe-8fba-30e2bbc43793 (type: assisted-listing-intake)"}
Stage RETRIEVING failed (local attempt 1/3): 來源頁回傳人機驗證挑戰，系統停止擷取。
{"timestamp": "2026-07-23T22:10:15.342829+00:00", "level": "ERROR", "service": "oday-worker", "actor": "worker", "correlation_id": "57157032-66f2-418e-9fcc-06533a0f83d2", "resource": "job/assisted-listing-intake", "action": "execute", "result": "error", "error_code": "NonRetryableJobError", "message": "Job 04150a58-6193-44fe-8fba-30e2bbc43793 failed: 來源頁回傳人機驗證挑戰，系統停止擷取。", "retryable": false}
{"timestamp": "2026-07-23T22:10:15.368128+00:00", "level": "INFO", "service": "oday-worker", "actor": "worker", "correlation_id": "57157032-66f2-418e-9fcc-06533a0f83d2", "resource": "job/assisted-listing-intake", "action": "fail", "result": "ok", "error_code": null, "message": "Job 04150a58-6193-44fe-8fba-30e2bbc43793 marked failed (max retries reached or non-retryable)"}
{"timestamp": "2026-07-23T22:10:22.388394+00:00", "level": "INFO", "service": "oday-worker", "actor": "worker", "correlation_id": "3e340ee6-33b9-41da-95e7-6d3a05be3000", "resource": "job/assisted-listing-intake", "action": "execute", "result": "ok", "error_code": null, "message": "Executing job 67d61b69-056d-4c48-9021-2a0ed9248600 (type: assisted-listing-intake)"}
Stage PARSING failed (local attempt 1/3): Retrieved source payload is not supported by the bound parser.
{"timestamp": "2026-07-23T22:10:22.614138+00:00", "level": "ERROR", "service": "oday-worker", "actor": "worker", "correlation_id": "3e340ee6-33b9-41da-95e7-6d3a05be3000", "resource": "job/assisted-listing-intake", "action": "execute", "result": "error", "error_code": "NonRetryableJobError", "message": "Job 67d61b69-056d-4c48-9021-2a0ed9248600 failed: Retrieved source payload is not supported by the bound parser.", "retryable": false}
{"timestamp": "2026-07-23T22:10:22.637074+00:00", "level": "INFO", "service": "oday-worker", "actor": "worker", "correlation_id": "3e340ee6-33b9-41da-95e7-6d3a05be3000", "resource": "job/assisted-listing-intake", "action": "fail", "result": "ok", "error_code": null, "message": "Job 67d61b69-056d-4c48-9021-2a0ed9248600 marked failed (max retries reached or non-retryable)"}
{"timestamp": "2026-07-23T22:10:29.649544+00:00", "level": "INFO", "service": "oday-worker", "actor": "worker", "correlation_id": "e4de9fbb-7886-4b16-8574-bb3396a15d82", "resource": "job/assisted-listing-intake", "action": "execute", "result": "ok", "error_code": null, "message": "Executing job fabf4cbf-9836-40b0-81d0-51abcda83567 (type: assisted-listing-intake)"}
{"timestamp": "2026-07-23T22:10:29.818024+00:00", "level": "INFO", "service": "oday-worker", "actor": "worker", "correlation_id": "e4de9fbb-7886-4b16-8574-bb3396a15d82", "resource": "job/assisted-listing-intake", "action": "execute", "result": "success", "error_code": null, "message": "Job fabf4cbf-9836-40b0-81d0-51abcda83567 succeeded"}
{"timestamp": "2026-07-23T22:10:36.824600+00:00", "level": "INFO", "service": "oday-worker", "actor": "worker", "correlation_id": "866a29f0-fd99-46a8-9877-40d742c55c06", "resource": "job/assisted-listing-intake", "action": "execute", "result": "ok", "error_code": null, "message": "Executing job 5a6be7aa-8016-4e03-92e5-baa71519ec45 (type: assisted-listing-intake)"}
{"timestamp": "2026-07-23T22:10:36.898658+00:00", "level": "INFO", "service": "oday-worker", "actor": "worker", "correlation_id": "866a29f0-fd99-46a8-9877-40d742c55c06", "resource": "job/assisted-listing-intake", "action": "execute", "result": "success", "error_code": null, "message": "Job 5a6be7aa-8016-4e03-92e5-baa71519ec45 succeeded"}
