{"timestamp": "2026-07-23T21:42:28.851634+00:00", "level": "INFO", "service": "oday-worker", "actor": "worker", "correlation_id": "de7ffefc-504d-4f22-9bfa-c5a3f639320b", "resource": "job/assisted-listing-intake", "action": "execute", "result": "ok", "error_code": null, "message": "Executing job d948fe12-a68d-4d5d-89e0-a20a2f1baffc (type: assisted-listing-intake)"}
{"timestamp": "2026-07-23T21:42:28.968352+00:00", "level": "INFO", "service": "oday-worker", "actor": "worker", "correlation_id": "de7ffefc-504d-4f22-9bfa-c5a3f639320b", "resource": "job/assisted-listing-intake", "action": "execute", "result": "success", "error_code": null, "message": "Job d948fe12-a68d-4d5d-89e0-a20a2f1baffc succeeded"}
{"timestamp": "2026-07-23T21:42:29.971451+00:00", "level": "INFO", "service": "oday-worker", "actor": "worker", "correlation_id": "2d0388d0-bec7-4d60-a6b3-699bc8da769b", "resource": "job/assisted-listing-intake", "action": "execute", "result": "ok", "error_code": null, "message": "Executing job 33241f60-15f3-4d32-a220-143a1ea051e6 (type: assisted-listing-intake)"}
Stage RETRIEVING failed (local attempt 1/3): Approved source retrieval timed out.
Stage RETRIEVING failed (local attempt 2/3): Approved source retrieval timed out.
Stage RETRIEVING failed (local attempt 3/3): Approved source retrieval timed out.
{"timestamp": "2026-07-23T21:42:33.100241+00:00", "level": "ERROR", "service": "oday-worker", "actor": "worker", "correlation_id": "2d0388d0-bec7-4d60-a6b3-699bc8da769b", "resource": "job/assisted-listing-intake", "action": "execute", "result": "error", "error_code": "AssistedIntakeStageError", "message": "Job 33241f60-15f3-4d32-a220-143a1ea051e6 failed: Approved source retrieval timed out.", "retryable": false}
{"timestamp": "2026-07-23T21:42:33.102915+00:00", "level": "INFO", "service": "oday-worker", "actor": "worker", "correlation_id": "2d0388d0-bec7-4d60-a6b3-699bc8da769b", "resource": "job/assisted-listing-intake", "action": "retry", "result": "ok", "error_code": null, "message": "Job 33241f60-15f3-4d32-a220-143a1ea051e6 queued for retry (attempt 1/3)"}
{"timestamp": "2026-07-23T21:42:33.105313+00:00", "level": "INFO", "service": "oday-worker", "actor": "worker", "correlation_id": "2d0388d0-bec7-4d60-a6b3-699bc8da769b", "resource": "job/assisted-listing-intake", "action": "execute", "result": "ok", "error_code": null, "message": "Executing job 33241f60-15f3-4d32-a220-143a1ea051e6 (type: assisted-listing-intake)"}
Stage RETRIEVING failed (local attempt 1/3): Approved source retrieval timed out.
Stage RETRIEVING failed (local attempt 2/3): Approved source retrieval timed out.
Stage RETRIEVING failed (local attempt 3/3): Approved source retrieval timed out.
{"timestamp": "2026-07-23T21:42:36.447710+00:00", "level": "ERROR", "service": "oday-worker", "actor": "worker", "correlation_id": "2d0388d0-bec7-4d60-a6b3-699bc8da769b", "resource": "job/assisted-listing-intake", "action": "execute", "result": "error", "error_code": "AssistedIntakeStageError", "message": "Job 33241f60-15f3-4d32-a220-143a1ea051e6 failed: Approved source retrieval timed out.", "retryable": false}
{"timestamp": "2026-07-23T21:42:36.448557+00:00", "level": "INFO", "service": "oday-worker", "actor": "worker", "correlation_id": "2d0388d0-bec7-4d60-a6b3-699bc8da769b", "resource": "job/assisted-listing-intake", "action": "retry", "result": "ok", "error_code": null, "message": "Job 33241f60-15f3-4d32-a220-143a1ea051e6 queued for retry (attempt 2/3)"}
{"timestamp": "2026-07-23T21:42:36.449763+00:00", "level": "INFO", "service": "oday-worker", "actor": "worker", "correlation_id": "2d0388d0-bec7-4d60-a6b3-699bc8da769b", "resource": "job/assisted-listing-intake", "action": "execute", "result": "ok", "error_code": null, "message": "Executing job 33241f60-15f3-4d32-a220-143a1ea051e6 (type: assisted-listing-intake)"}
Stage RETRIEVING failed (local attempt 1/3): Approved source retrieval timed out.
Stage RETRIEVING failed (local attempt 2/3): Approved source retrieval timed out.
Stage RETRIEVING failed (local attempt 3/3): Approved source retrieval timed out.
{"timestamp": "2026-07-23T21:42:39.717407+00:00", "level": "ERROR", "service": "oday-worker", "actor": "worker", "correlation_id": "2d0388d0-bec7-4d60-a6b3-699bc8da769b", "resource": "job/assisted-listing-intake", "action": "execute", "result": "error", "error_code": "AssistedIntakeStageError", "message": "Job 33241f60-15f3-4d32-a220-143a1ea051e6 failed: Approved source retrieval timed out.", "retryable": false}
{"timestamp": "2026-07-23T21:42:39.722891+00:00", "level": "INFO", "service": "oday-worker", "actor": "worker", "correlation_id": "2d0388d0-bec7-4d60-a6b3-699bc8da769b", "resource": "job/assisted-listing-intake", "action": "retry", "result": "ok", "error_code": null, "message": "Job 33241f60-15f3-4d32-a220-143a1ea051e6 queued for retry (attempt 3/3)"}
{"timestamp": "2026-07-23T21:42:39.728872+00:00", "level": "INFO", "service": "oday-worker", "actor": "worker", "correlation_id": "2d0388d0-bec7-4d60-a6b3-699bc8da769b", "resource": "job/assisted-listing-intake", "action": "execute", "result": "ok", "error_code": null, "message": "Executing job 33241f60-15f3-4d32-a220-143a1ea051e6 (type: assisted-listing-intake)"}
Stage RETRIEVING failed (local attempt 1/3): Approved source retrieval timed out.
Stage RETRIEVING failed (local attempt 2/3): Approved source retrieval timed out.
Stage RETRIEVING failed (local attempt 3/3): Approved source retrieval timed out.
{"timestamp": "2026-07-23T21:42:43.125612+00:00", "level": "ERROR", "service": "oday-worker", "actor": "worker", "correlation_id": "2d0388d0-bec7-4d60-a6b3-699bc8da769b", "resource": "job/assisted-listing-intake", "action": "execute", "result": "error", "error_code": "AssistedIntakeStageError", "message": "Job 33241f60-15f3-4d32-a220-143a1ea051e6 failed: Approved source retrieval timed out.", "retryable": false}
{"timestamp": "2026-07-23T21:42:43.208303+00:00", "level": "INFO", "service": "oday-worker", "actor": "worker", "correlation_id": "2d0388d0-bec7-4d60-a6b3-699bc8da769b", "resource": "job/assisted-listing-intake", "action": "fail", "result": "ok", "error_code": null, "message": "Job 33241f60-15f3-4d32-a220-143a1ea051e6 marked failed (max retries reached or non-retryable)"}
{"timestamp": "2026-07-23T21:43:48.443670+00:00", "level": "INFO", "service": "oday-worker", "actor": "worker", "correlation_id": "corr-bb1407f6-1ac0-46e0-867c-ac4fcd96e8a3", "resource": "job/assisted-listing-intake", "action": "execute", "result": "ok", "error_code": null, "message": "Executing job 10d6b009-844f-4b41-ac7b-5cd820c27ab2 (type: assisted-listing-intake)"}
{"timestamp": "2026-07-23T21:43:48.557332+00:00", "level": "INFO", "service": "oday-worker", "actor": "worker", "correlation_id": "corr-bb1407f6-1ac0-46e0-867c-ac4fcd96e8a3", "resource": "job/assisted-listing-intake", "action": "execute", "result": "success", "error_code": null, "message": "Job 10d6b009-844f-4b41-ac7b-5cd820c27ab2 succeeded"}
{"timestamp": "2026-07-23T21:44:24.633902+00:00", "level": "INFO", "service": "oday-worker", "actor": "worker", "correlation_id": "corr-a55f163b-572c-45bf-bd82-4fc6b0e084ca", "resource": "job/assisted-listing-intake", "action": "execute", "result": "ok", "error_code": null, "message": "Executing job 6bd1694a-5fa8-4a8d-8247-66e4a15ed33d (type: assisted-listing-intake)"}
{"timestamp": "2026-07-23T21:44:24.796320+00:00", "level": "INFO", "service": "oday-worker", "actor": "worker", "correlation_id": "corr-a55f163b-572c-45bf-bd82-4fc6b0e084ca", "resource": "job/assisted-listing-intake", "action": "execute", "result": "success", "error_code": null, "message": "Job 6bd1694a-5fa8-4a8d-8247-66e4a15ed33d succeeded"}
{"timestamp": "2026-07-23T21:45:06.924931+00:00", "level": "INFO", "service": "oday-worker", "actor": "worker", "correlation_id": "c0d3ece5-ac8c-42bb-8894-de84c1740a08", "resource": "job/sitescore-candidate", "action": "execute", "result": "ok", "error_code": null, "message": "Executing job 2adc3c0e-bae1-4d76-bbda-63d664b8658a (type: sitescore-candidate)"}
{"timestamp": "2026-07-23T21:45:06.948757+00:00", "level": "INFO", "service": "oday-worker", "actor": "worker", "correlation_id": "c0d3ece5-ac8c-42bb-8894-de84c1740a08", "resource": "job/sitescore-candidate", "action": "execute", "result": "success", "error_code": null, "message": "Job 2adc3c0e-bae1-4d76-bbda-63d664b8658a succeeded"}
{"timestamp": "2026-07-23T21:45:19.028469+00:00", "level": "INFO", "service": "oday-worker", "actor": "worker", "correlation_id": "f3ff4f84-e8aa-439d-b798-8f0c1e6b097a", "resource": "job/assisted-listing-intake", "action": "execute", "result": "ok", "error_code": null, "message": "Executing job c61d46d6-fc45-46a6-8493-fd2fcecb443f (type: assisted-listing-intake)"}
Stage RETRIEVING failed (local attempt 1/3): Source page was removed or is unavailable.
{"timestamp": "2026-07-23T21:45:19.207695+00:00", "level": "ERROR", "service": "oday-worker", "actor": "worker", "correlation_id": "f3ff4f84-e8aa-439d-b798-8f0c1e6b097a", "resource": "job/assisted-listing-intake", "action": "execute", "result": "error", "error_code": "NonRetryableJobError", "message": "Job c61d46d6-fc45-46a6-8493-fd2fcecb443f failed: Source page was removed or is unavailable.", "retryable": false}
{"timestamp": "2026-07-23T21:45:19.252901+00:00", "level": "INFO", "service": "oday-worker", "actor": "worker", "correlation_id": "f3ff4f84-e8aa-439d-b798-8f0c1e6b097a", "resource": "job/assisted-listing-intake", "action": "fail", "result": "ok", "error_code": null, "message": "Job c61d46d6-fc45-46a6-8493-fd2fcecb443f marked failed (max retries reached or non-retryable)"}
{"timestamp": "2026-07-23T21:45:38.499712+00:00", "level": "INFO", "service": "oday-worker", "actor": "worker", "correlation_id": "c5cd7aa0-914f-42f9-a56f-f39da6d0c92d", "resource": "job/assisted-listing-intake", "action": "execute", "result": "ok", "error_code": null, "message": "Executing job ffe9f47f-644f-42f5-a0aa-43766262173f (type: assisted-listing-intake)"}
{"timestamp": "2026-07-23T21:45:38.683343+00:00", "level": "INFO", "service": "oday-worker", "actor": "worker", "correlation_id": "c5cd7aa0-914f-42f9-a56f-f39da6d0c92d", "resource": "job/assisted-listing-intake", "action": "execute", "result": "success", "error_code": null, "message": "Job ffe9f47f-644f-42f5-a0aa-43766262173f succeeded"}
{"timestamp": "2026-07-23T21:45:49.731419+00:00", "level": "INFO", "service": "oday-worker", "actor": "worker", "correlation_id": "40e23e91-6298-40bb-9c03-d1762499cead", "resource": "job/assisted-listing-intake", "action": "execute", "result": "ok", "error_code": null, "message": "Executing job 0bebd03a-549f-4a1b-a441-905aa48f8839 (type: assisted-listing-intake)"}
Stage RETRIEVING failed (local attempt 1/3): 來源頁要求核准帳號存取，系統未擷取受保護內容。
{"timestamp": "2026-07-23T21:45:49.951850+00:00", "level": "ERROR", "service": "oday-worker", "actor": "worker", "correlation_id": "40e23e91-6298-40bb-9c03-d1762499cead", "resource": "job/assisted-listing-intake", "action": "execute", "result": "error", "error_code": "NonRetryableJobError", "message": "Job 0bebd03a-549f-4a1b-a441-905aa48f8839 failed: 來源頁要求核准帳號存取，系統未擷取受保護內容。", "retryable": false}
{"timestamp": "2026-07-23T21:45:50.000743+00:00", "level": "INFO", "service": "oday-worker", "actor": "worker", "correlation_id": "40e23e91-6298-40bb-9c03-d1762499cead", "resource": "job/assisted-listing-intake", "action": "fail", "result": "ok", "error_code": null, "message": "Job 0bebd03a-549f-4a1b-a441-905aa48f8839 marked failed (max retries reached or non-retryable)"}
{"timestamp": "2026-07-23T21:46:01.042372+00:00", "level": "INFO", "service": "oday-worker", "actor": "worker", "correlation_id": "fff3cf7e-b2d0-4437-9a43-ba2b0a1eb26f", "resource": "job/assisted-listing-intake", "action": "execute", "result": "ok", "error_code": null, "message": "Executing job 6f156152-0285-44cf-b4a3-7f6c5d14fe5d (type: assisted-listing-intake)"}
Stage RETRIEVING failed (local attempt 1/3): 來源頁回傳人機驗證挑戰，系統停止擷取。
{"timestamp": "2026-07-23T21:46:01.193477+00:00", "level": "ERROR", "service": "oday-worker", "actor": "worker", "correlation_id": "fff3cf7e-b2d0-4437-9a43-ba2b0a1eb26f", "resource": "job/assisted-listing-intake", "action": "execute", "result": "error", "error_code": "NonRetryableJobError", "message": "Job 6f156152-0285-44cf-b4a3-7f6c5d14fe5d failed: 來源頁回傳人機驗證挑戰，系統停止擷取。", "retryable": false}
{"timestamp": "2026-07-23T21:46:01.254819+00:00", "level": "INFO", "service": "oday-worker", "actor": "worker", "correlation_id": "fff3cf7e-b2d0-4437-9a43-ba2b0a1eb26f", "resource": "job/assisted-listing-intake", "action": "fail", "result": "ok", "error_code": null, "message": "Job 6f156152-0285-44cf-b4a3-7f6c5d14fe5d marked failed (max retries reached or non-retryable)"}
{"timestamp": "2026-07-23T21:46:09.273698+00:00", "level": "INFO", "service": "oday-worker", "actor": "worker", "correlation_id": "ced8b222-08e1-4eab-a356-5128616c30da", "resource": "job/assisted-listing-intake", "action": "execute", "result": "ok", "error_code": null, "message": "Executing job df69e588-af0f-4511-ad78-377848b223c1 (type: assisted-listing-intake)"}
Stage PARSING failed (local attempt 1/3): Retrieved source payload is not supported by the bound parser.
{"timestamp": "2026-07-23T21:46:09.464284+00:00", "level": "ERROR", "service": "oday-worker", "actor": "worker", "correlation_id": "ced8b222-08e1-4eab-a356-5128616c30da", "resource": "job/assisted-listing-intake", "action": "execute", "result": "error", "error_code": "NonRetryableJobError", "message": "Job df69e588-af0f-4511-ad78-377848b223c1 failed: Retrieved source payload is not supported by the bound parser.", "retryable": false}
{"timestamp": "2026-07-23T21:46:09.507802+00:00", "level": "INFO", "service": "oday-worker", "actor": "worker", "correlation_id": "ced8b222-08e1-4eab-a356-5128616c30da", "resource": "job/assisted-listing-intake", "action": "fail", "result": "ok", "error_code": null, "message": "Job df69e588-af0f-4511-ad78-377848b223c1 marked failed (max retries reached or non-retryable)"}
{"timestamp": "2026-07-23T21:46:17.549997+00:00", "level": "INFO", "service": "oday-worker", "actor": "worker", "correlation_id": "dd76e10b-57b3-46ed-a1cf-a42c09f18df6", "resource": "job/assisted-listing-intake", "action": "execute", "result": "ok", "error_code": null, "message": "Executing job 0758443b-ca89-4441-88aa-37dcdf5a7daa (type: assisted-listing-intake)"}
{"timestamp": "2026-07-23T21:46:17.633581+00:00", "level": "INFO", "service": "oday-worker", "actor": "worker", "correlation_id": "dd76e10b-57b3-46ed-a1cf-a42c09f18df6", "resource": "job/assisted-listing-intake", "action": "execute", "result": "success", "error_code": null, "message": "Job 0758443b-ca89-4441-88aa-37dcdf5a7daa succeeded"}
{"timestamp": "2026-07-23T21:46:25.660553+00:00", "level": "INFO", "service": "oday-worker", "actor": "worker", "correlation_id": "03db4e4d-8c56-4b28-a563-b8e4c25897da", "resource": "job/assisted-listing-intake", "action": "execute", "result": "ok", "error_code": null, "message": "Executing job c6a69e5e-e99c-4a53-a503-e8127e455f8a (type: assisted-listing-intake)"}
{"timestamp": "2026-07-23T21:46:25.923326+00:00", "level": "INFO", "service": "oday-worker", "actor": "worker", "correlation_id": "03db4e4d-8c56-4b28-a563-b8e4c25897da", "resource": "job/assisted-listing-intake", "action": "execute", "result": "success", "error_code": null, "message": "Job c6a69e5e-e99c-4a53-a503-e8127e455f8a succeeded"}
